Converting ALL pages to images...
Found 39 pages to process...
Saved: /workspace/UPPSC PYQ/split_pages/page_01_left_hindi.pdf and /workspace/UPPSC PYQ/split_pages/page_01_right_english.pdf
Saved: /workspace/UPPSC PYQ/split_pages/page_02_left_hindi.pdf and /workspace/UPPSC PYQ/split_pages/page_02_right_english.pdf
Saved: /workspace/UPPSC PYQ/split_pages/page_03_left_hindi.pdf and /workspace/UPPSC PYQ/split_pages/page_03_right_english.pdf
Saved: /workspace/UPPSC PYQ/split_pages/page_04_left_hindi.pdf and /workspace/UPPSC PYQ/split_pages/page_04_right_english.pdf
Saved: /workspace/UPPSC PYQ/split_pages/page_05_left_hindi.pdf and /workspace/UPPSC PYQ/split_pages/page_05_right_english.pdf
Saved: /workspace/UPPSC PYQ/split_pages/page_06_left_hindi.pdf and /workspace/UPPSC PYQ/split_pages/page_06_right_english.pdf
Saved: /workspace/UPPSC PYQ/split_pages/page_07_left_hindi.pdf and /workspace/UPPSC PYQ/split_pages/page_07_right_english.pdf
Saved: /workspace/UPPSC PYQ/split_pages/page_08_left_hindi.pdf and /workspace/UPPSC PYQ/split_pages/page_08_right_english.pdf
Saved: /workspace/UPPSC PYQ/split_pages/page_09_left_hindi.pdf and /workspace/UPPSC PYQ/split_pages/page_09_right_english.pdf
Saved: /workspace/UPPSC PYQ/split_pages/page_10_left_hindi.pdf and /workspace/UPPSC PYQ/split_pages/page_10_right_english.pdf
Saved: /workspace/UPPSC PYQ/split_pages/page_11_left_hindi.pdf and /workspace/UPPSC PYQ/split_pages/page_11_right_english.pdf
Saved: /workspace/UPPSC PYQ/split_pages/page_12_left_hindi.pdf and /workspace/UPPSC PYQ/split_pages/page_12_right_english.pdf
Saved: /workspace/UPPSC PYQ/split_pages/page_13_left_hindi.pdf and /workspace/UPPSC PYQ/split_pages/page_13_right_english.pdf
Saved: /workspace/UPPSC PYQ/split_pages/page_14_left_hindi.pdf and /workspace/UPPSC PYQ/split_pages/page_14_right_english.pdf
Saved: /workspace/UPPSC PYQ/split_pages/page_15_left_hindi.pdf and /workspace/UPPSC PYQ/split_pages/page_15_right_english.pdf
Saved: /workspace/UPPSC PYQ/split_pages/page_16_left_hindi.pdf and /workspace/UPPSC PYQ/split_pages/page_16_right_english.pdf
Saved: /workspace/UPPSC PYQ/split_pages/page_17_left_hindi.pdf and /workspace/UPPSC PYQ/split_pages/page_17_right_english.pdf
Saved: /workspace/UPPSC PYQ/split_pages/page_18_left_hindi.pdf and /workspace/UPPSC PYQ/split_pages/page_18_right_english.pdf
Saved: /workspace/UPPSC PYQ/split_pages/page_19_left_hindi.pdf and /workspace/UPPSC PYQ/split_pages/page_19_right_english.pdf
Saved: /workspace/UPPSC PYQ/split_pages/page_20_left_hindi.pdf and /workspace/UPPSC PYQ/split_pages/page_20_right_english.pdf
Saved: /workspace/UPPSC PYQ/split_pages/page_21_left_hindi.pdf and /workspace/UPPSC PYQ/split_pages/page_21_right_english.pdf
Saved: /workspace/UPPSC PYQ/split_pages/page_22_left_hindi.pdf and /workspace/UPPSC PYQ/split_pages/page_22_right_english.pdf
Saved: /workspace/UPPSC PYQ/split_pages/page_23_left_hindi.pdf and /workspace/UPPSC PYQ/split_pages/page_23_right_english.pdf
Saved: /workspace/UPPSC PYQ/split_pages/page_24_left_hindi.pdf and /workspace/UPPSC PYQ/split_pages/page_24_right_english.pdf
Saved: /workspace/UPPSC PYQ/split_pages/page_25_left_hindi.pdf and /workspace/UPPSC PYQ/split_pages/page_25_right_english.pdf
Saved: /workspace/UPPSC PYQ/split_pages/page_26_left_hindi.pdf and /workspace/UPPSC PYQ/split_pages/page_26_right_english.pdf
Saved: /workspace/UPPSC PYQ/split_pages/page_27_left_hindi.pdf and /workspace/UPPSC PYQ/split_pages/page_27_right_english.pdf
Saved: /workspace/UPPSC PYQ/split_pages/page_28_left_hindi.pdf and /workspace/UPPSC PYQ/split_pages/page_28_right_english.pdf
Saved: /workspace/UPPSC PYQ/split_pages/page_29_left_hindi.pdf and /workspace/UPPSC PYQ/split_pages/page_29_right_english.pdf
Saved: /workspace/UPPSC PYQ/split_pages/page_30_left_hindi.pdf and /workspace/UPPSC PYQ/split_pages/page_30_right_english.pdf
Saved: /workspace/UPPSC PYQ/split_pages/page_31_left_hindi.pdf and /workspace/UPPSC PYQ/split_pages/page_31_right_english.pdf
Saved: /workspace/UPPSC PYQ/split_pages/page_32_left_hindi.pdf and /workspace/UPPSC PYQ/split_pages/page_32_right_english.pdf
Saved: /workspace/UPPSC PYQ/split_pages/page_33_left_hindi.pdf and /workspace/UPPSC PYQ/split_pages/page_33_right_english.pdf
Saved: /workspace/UPPSC PYQ/split_pages/page_34_left_hindi.pdf and /workspace/UPPSC PYQ/split_pages/page_34_right_english.pdf
Saved: /workspace/UPPSC PYQ/split_pages/page_35_left_hindi.pdf and /workspace/UPPSC PYQ/split_pages/page_35_right_english.pdf
Saved: /workspace/UPPSC PYQ/split_pages/page_36_left_hindi.pdf and /workspace/UPPSC PYQ/split_pages/page_36_right_english.pdf
Saved: /workspace/UPPSC PYQ/split_pages/page_37_left_hindi.pdf and /workspace/UPPSC PYQ/split_pages/page_37_right_english.pdf
Saved: /workspace/UPPSC PYQ/split_pages/page_38_left_hindi.pdf and /workspace/UPPSC PYQ/split_pages/page_38_right_english.pdf
Saved: /workspace/UPPSC PYQ/split_pages/page_39_left_hindi.pdf and /workspace/UPPSC PYQ/split_pages/page_39_right_english.pdf

Creating combined PDFs...
✅ Combined Hindi PDF saved: /workspace/UPPSC PYQ/split_pages/UPPSC_2024_Complete_Hindi_Questions.pdf
✅ Combined English PDF saved: /workspace/UPPSC PYQ/split_pages/UPPSC_2024_Complete_English_Questions.pdf

✅ Page splitting complete. Files saved in: /workspace/UPPSC PYQ/split_pages
📄 Individual PDFs: 78 files
📚 Combined PDFs: 2 files (Hindi + English)
